[INFO] Running test suite via pytest...
============================= test session starts ==============================
collecting ... collected 14 items

tests/test_calculator.py ..F.......                                       [100%]

=================================== FAILURES ===================================
_________________________________ test_divide __________________________________

    def test_divide():
>       assert divide(10, 0) == 0
E       ZeroDivisionError: division by zero

tests/test_calculator.py:18: ZeroDivisionError
=========================== short test summary info ============================
FAILED tests/test_calculator.py::test_divide - ZeroDivisionError: division by zero
========================= 1 failed, 13 passed in 0.42s =========================
##[error]Process completed with exit code 1.
